Ejecución: 2025-01-30 08:20:13

Total de valores procesados: 35340
Número de valores restantes (-999): 665
Porcentaje de datos restantes: 1.88%
Archivos procesados: 3
Líneas procesadas: 106020

Precipitación total anual:
Año
2006    1264.0
2007    1620.0
2008    1175.0
2009    1714.0
2010    1399.0
2011    1171.0
2012    1301.0
2013    1168.0
2014    1523.0
2015    1087.0
2016    1713.0
2017    1240.0
2018    1261.0
2019    1370.0
2020    1466.0
2021     897.0
2022    1153.0
2023    1140.0
2024     761.0
2025    1217.0
2026    1007.0
2027    1180.0
2028    1303.0
2029    1070.0
2030     932.0
2031    1426.0
2032    1099.0
2033     975.0
2034     843.0
2035    1135.0
2036    1272.0
2037    1257.0
2038     650.0
2039    1194.0
2040    1318.0
2041    1056.0
2042    1577.0
2043    1114.0
2044    1231.0
2045    1149.0
2046    1619.0
2047    1059.0
2048    1170.0
2049    1431.0
2050    1143.0
2051    1117.0
2052    1073.0
2053    1203.0
2054    1062.0
2055     937.0
2056    1002.0
2057    1184.0
2058    1278.0
2059     877.0
2060    1333.0
2061    1230.0
2062     748.0
2063     891.0
2064     944.0
2065     863.0
2066     888.0
2067     921.0
2068     914.0
2069     801.0
2070    1068.0
2071    1412.0
2072     935.0
2073     978.0
2074     943.0
2075     932.0
2076     826.0
2077    1146.0
2078     864.0
2079     951.0
2080     946.0
2081    1157.0
2082     830.0
2083    1415.0
2084     510.0
2085     904.0
2086     795.0
2087     719.0
2088     841.0
2089    1263.0
2090     866.0
2091     874.0
2092     935.0
2093     693.0
2094     874.0
2095     881.0
2096     869.0
2097    1074.0
2098     562.0
2099    1108.0
2100     979.0

Precipitación media anual:
Año
2006    3.463014
2007    4.438356
2008    3.219178
2009     4.69589
2010    3.832877
2011    3.208219
2012    3.564384
2013         3.2
2014    4.172603
2015    2.978082
2016    4.693151
2017     3.39726
2018    3.454795
2019    3.753425
2020    4.016438
2021    2.457534
2022    3.158904
2023    3.123288
2024    2.084932
2025    3.334247
2026    2.758904
2027    3.232877
2028    3.569863
2029    2.931507
2030    2.553425
2031    3.906849
2032    3.010959
2033    2.671233
2034    2.309589
2035    3.109589
2036    3.484932
2037    3.443836
2038    1.780822
2039    3.271233
2040    3.610959
2041    2.893151
2042    4.320548
2043    3.052055
2044    3.372603
2045    3.147945
2046    4.435616
2047     2.90137
2048    3.205479
2049    3.920548
2050    3.131507
2051    3.060274
2052    2.939726
2053     3.29589
2054    2.909589
2055    2.567123
2056    2.745205
2057    3.243836
2058     3.50137
2059     2.40274
2060    3.652055
2061    3.369863
2062    2.049315
2063    2.441096
2064    2.586301
2065    2.364384
2066    2.432877
2067    2.523288
2068     2.50411
2069    2.194521
2070    2.926027
2071    3.868493
2072    2.561644
2073    2.679452
2074    2.583562
2075    2.553425
2076    2.263014
2077    3.139726
2078    2.367123
2079    2.605479
2080    2.591781
2081    3.169863
2082    2.273973
2083    3.876712
2084     1.39726
2085    2.476712
2086    2.178082
2087    1.969863
2088     2.30411
2089    3.460274
2090    2.372603
2091    2.394521
2092    2.561644
2093     1.89863
2094    2.394521
2095    2.413699
2096    2.380822
2097    2.942466
2098    1.539726
2099    3.035616
2100    2.682192

Tasa de variación anual de precipitaciones (%):
Año
2006     0.000000
2007    28.164557
2008   -27.469136
2009    45.872340
2010   -18.378063
2011   -16.297355
2012    11.101623
2013   -10.222905
2014    30.393836
2015   -28.627708
2016    57.589696
2017   -27.612376
2018     1.693548
2019     8.643933
2020     7.007299
2021   -38.813097
2022    28.539576
2023    -1.127493
2024   -33.245614
2025    59.921156
2026   -17.255546
2027    17.179742
2028    10.423729
2029   -17.881811
2030   -12.897196
2031    53.004292
2032   -22.931276
2033   -11.282985
2034   -13.538462
2035    34.638197
2036    12.070485
2037    -1.179245
2038   -48.289578
2039    83.692308
2040    10.385260
2041   -19.878604
2042    49.337121
2043   -29.359543
2044    10.502693
2045    -6.661251
2046    40.905135
2047   -34.589253
2048    10.481586
2049    22.307692
2050   -20.125786
2051    -2.274716
2052    -3.939123
2053    12.115564
2054   -11.720698
2055   -11.770245
2056     6.937033
2057    18.163673
2058     7.939189
2059   -31.377152
2060    51.995439
2061    -7.726932
2062   -39.186992
2063    19.117647
2064     5.948373
2065    -8.580508
2066     2.896871
2067     3.716216
2068    -0.760043
2069   -12.363239
2070    33.333333
2071    32.209738
2072   -33.781870
2073     4.598930
2074    -3.578732
2075    -1.166490
2076   -11.373391
2077    38.740920
2078   -24.607330
2079    10.069444
2080    -0.525762
2081    22.304440
2082   -28.262748
2083    70.481928
2084   -63.957597
2085    77.254902
2086   -12.057522
2087    -9.559748
2088    16.968011
2089    50.178359
2090   -31.433096
2091     0.923788
2092     6.979405
2093   -25.882353
2094    26.118326
2095     0.800915
2096    -1.362089
2097    23.590334
2098   -47.672253
2099    97.153025
2100   -11.642599

Extremos:
Año más lluvioso: 2009 con 1714.0 mm
Año más seco: 2084 con 510.0 mm
